Target: ak3 — AK(3) — OPEN primary target
Start:  ⟨ x1 x2  |  x1x1x1x2x2x2x2, x1·x2·x1·x2⁻¹·x1⁻¹·x2⁻¹ ⟩
Mode:   forward  scoring=potential  nf=cyclic
  [depth=  1  beam=  12  states=      12  len=13  cyclic=13  elapsed=0s]
  [depth=  5  beam=2250  states=   73060  len=13  cyclic=13  elapsed=21s]
  [depth=  7  beam=2250  states=  126459  len=13  cyclic=13  elapsed=36s]
  [depth=  9  beam=2250  states=  172579  len=13  cyclic=13  elapsed=48s]
  [depth= 11  beam=2250  states=  219063  len=13  cyclic=13  elapsed=61s]
  [depth= 13  beam=2250  states=  265850  len=13  cyclic=13  elapsed=79s]
  [depth= 15  beam=2250  states=  313835  len=13  cyclic=13  elapsed=97s]
  [depth= 17  beam=2250  states=  361264  len=13  cyclic=13  elapsed=116s]
  [depth= 19  beam=2250  states=  409196  len=13  cyclic=13  elapsed=135s]
  [depth= 21  beam=2250  states=  457758  len=13  cyclic=13  elapsed=155s]
  [depth= 22  beam=2250  states=  482783  len=13  cyclic=13  elapsed=166s]
  [depth= 23  beam=2250  states=  507153  len=13  cyclic=13  elapsed=177s]
  [depth= 24  beam=2250  states=  531790  len=13  cyclic=13  elapsed=187s]
  [depth= 25  beam=2250  states=  555852  len=13  cyclic=13  elapsed=197s]
  [depth= 26  beam=2250  states=  579939  len=13  cyclic=13  elapsed=209s]
  [depth= 27  beam=2250  states=  603884  len=13  cyclic=13  elapsed=220s]
  [depth= 29  beam=2250  states=  651761  len=13  cyclic=13  elapsed=239s]
  [depth= 31  beam=2250  states=  699957  len=13  cyclic=13  elapsed=259s]
  [depth= 32  beam=2250  states=  724193  len=13  cyclic=13  elapsed=270s]
  [depth= 33  beam=2250  states=  748515  len=13  cyclic=13  elapsed=280s]
  [depth= 34  beam=2250  states=  772599  len=13  cyclic=13  elapsed=291s]
  [depth= 35  beam=2250  states=  796375  len=13  cyclic=13  elapsed=301s]
  [depth= 37  beam=2250  states=  844049  len=13  cyclic=13  elapsed=321s]
  [depth= 38  beam=2250  states=  868281  len=13  cyclic=13  elapsed=331s]
  [depth= 39  beam=2250  states=  892161  len=13  cyclic=13  elapsed=342s]
  [depth= 40  beam=2250  states=  916155  len=13  cyclic=13  elapsed=353s]
  [depth= 41  beam=2250  states=  940425  len=13  cyclic=13  elapsed=364s]
  ⚡ RESTART: injected 229 diverse states at depth 42
  [depth= 42  beam=1804  states=  964492  len=13  cyclic=13  elapsed=375s]
  [depth= 44  beam=2250  states= 1008246  len=13  cyclic=13  elapsed=395s]
  [depth= 45  beam=2250  states= 1032604  len=13  cyclic=13  elapsed=406s]
  [depth= 46  beam=2250  states= 1056862  len=13  cyclic=13  elapsed=418s]
  [depth= 47  beam=2250  states= 1081081  len=13  cyclic=13  elapsed=428s]
  [depth= 49  beam=2250  states= 1129700  len=13  cyclic=13  elapsed=444s]
  [depth= 51  beam=2250  states= 1176710  len=13  cyclic=13  elapsed=459s]
  [depth= 53  beam=2250  states= 1222675  len=13  cyclic=13  elapsed=473s]
  [depth= 55  beam=2250  states= 1268409  len=13  cyclic=13  elapsed=487s]
  [depth= 57  beam=2250  states= 1314720  len=13  cyclic=13  elapsed=502s]
  [depth= 59  beam=2250  states= 1360540  len=13  cyclic=13  elapsed=517s]
  [depth= 61  beam=2250  states= 1408989  len=13  cyclic=13  elapsed=532s]
  [depth= 63  beam=2250  states= 1457707  len=13  cyclic=13  elapsed=549s]
  [depth= 65  beam=2250  states= 1505262  len=13  cyclic=13  elapsed=564s]
  [depth= 67  beam=2250  states= 1552175  len=13  cyclic=13  elapsed=579s]
  [depth= 69  beam=2250  states= 1598762  len=13  cyclic=13  elapsed=593s]
  [depth= 71  beam=2250  states= 1645786  len=13  cyclic=13  elapsed=608s]
  [depth= 73  beam=2250  states= 1693735  len=13  cyclic=13  elapsed=623s]
  [depth= 75  beam=2250  states= 1741480  len=13  cyclic=13  elapsed=638s]
  [depth= 77  beam=2250  states= 1789710  len=13  cyclic=13  elapsed=654s]
  [depth= 79  beam=2250  states= 1838210  len=13  cyclic=13  elapsed=670s]
  [depth= 81  beam=2250  states= 1886892  len=13  cyclic=13  elapsed=686s]
  [depth= 83  beam=2250  states= 1935324  len=13  cyclic=13  elapsed=702s]
  ⚡ RESTART: injected 207 diverse states at depth 84
  [depth= 85  beam=2250  states= 1979022  len=13  cyclic=13  elapsed=717s]
  [depth= 87  beam=2250  states= 2027442  len=13  cyclic=13  elapsed=733s]
  [depth= 89  beam=2250  states= 2074946  len=13  cyclic=13  elapsed=749s]
  [depth= 91  beam=2250  states= 2123844  len=13  cyclic=13  elapsed=765s]
  [depth= 93  beam=2250  states= 2171117  len=13  cyclic=13  elapsed=781s]
  [depth= 95  beam=2250  states= 2216934  len=13  cyclic=13  elapsed=797s]
  [depth= 97  beam=2250  states= 2261895  len=13  cyclic=13  elapsed=808s]
  [depth=100  beam=2250  states= 2329526  len=13  cyclic=13  elapsed=820s]
  [depth=103  beam=2250  states= 2398346  len=13  cyclic=13  elapsed=832s]
  [depth=106  beam=2250  states= 2472248  len=13  cyclic=13  elapsed=846s]
  [depth=109  beam=2250  states= 2542765  len=13  cyclic=13  elapsed=858s]
  [depth=112  beam=2250  states= 2610477  len=13  cyclic=13  elapsed=871s]
  [depth=115  beam=2250  states= 2682622  len=13  cyclic=13  elapsed=884s]
  [depth=118  beam=2250  states= 2753147  len=13  cyclic=13  elapsed=898s]
  [depth=121  beam=2250  states= 2824358  len=13  cyclic=13  elapsed=911s]
  [depth=124  beam=2250  states= 2896414  len=13  cyclic=13  elapsed=924s]
  ⚡ RESTART: injected 213 diverse states at depth 126
  [depth=127  beam=2250  states= 2963581  len=13  cyclic=13  elapsed=937s]
  [depth=130  beam=2250  states= 3036411  len=13  cyclic=13  elapsed=950s]
  [depth=133  beam=2250  states= 3108900  len=13  cyclic=13  elapsed=964s]
  [depth=136  beam=2250  states= 3180525  len=13  cyclic=13  elapsed=978s]
  [depth=138  beam=2250  states= 3229259  len=13  cyclic=13  elapsed=989s]
  [depth=141  beam=2250  states= 3301518  len=13  cyclic=13  elapsed=1003s]
  [depth=144  beam=2250  states= 3374682  len=13  cyclic=13  elapsed=1018s]
  [depth=146  beam=2250  states= 3423143  len=13  cyclic=13  elapsed=1028s]
  [depth=149  beam=2250  states= 3494776  len=13  cyclic=13  elapsed=1042s]
  [depth=151  beam=2250  states= 3543514  len=13  cyclic=13  elapsed=1052s]
  [depth=153  beam=2250  states= 3591986  len=13  cyclic=13  elapsed=1062s]
  [depth=155  beam=2250  states= 3640243  len=13  cyclic=13  elapsed=1072s]
  [depth=157  beam=2250  states= 3688911  len=13  cyclic=13  elapsed=1082s]
  [depth=159  beam=2250  states= 3737702  len=13  cyclic=13  elapsed=1093s]
  [depth=161  beam=2250  states= 3786107  len=13  cyclic=13  elapsed=1103s]
  [depth=163  beam=2250  states= 3835052  len=13  cyclic=13  elapsed=1113s]
  [depth=165  beam=2250  states= 3883652  len=13  cyclic=13  elapsed=1123s]
  [depth=167  beam=2250  states= 3932307  len=13  cyclic=13  elapsed=1134s]
  [depth=170  beam=2250  states= 4005769  len=13  cyclic=13  elapsed=1148s]
  [depth=172  beam=2250  states= 4054675  len=13  cyclic=13  elapsed=1159s]
  [depth=175  beam=2250  states= 4127132  len=13  cyclic=13  elapsed=1173s]
  [depth=177  beam=2250  states= 4175525  len=13  cyclic=13  elapsed=1183s]
  [depth=179  beam=2250  states= 4223853  len=13  cyclic=13  elapsed=1194s]
  ⚡ RESTART: injected 267 diverse states at depth 180
  [depth=182  beam=2250  states= 4292723  len=13  cyclic=13  elapsed=1208s]
  [depth=184  beam=2250  states= 4341850  len=13  cyclic=13  elapsed=1218s]
  [depth=186  beam=2250  states= 4390681  len=13  cyclic=13  elapsed=1229s]
  [depth=188  beam=2250  states= 4439146  len=13  cyclic=13  elapsed=1239s]
  [depth=190  beam=2250  states= 4487369  len=13  cyclic=13  elapsed=1250s]
  [depth=193  beam=2250  states= 4558730  len=13  cyclic=13  elapsed=1265s]
  [depth=195  beam=2250  states= 4606236  len=13  cyclic=13  elapsed=1275s]
  [depth=197  beam=2250  states= 4654815  len=13  cyclic=13  elapsed=1285s]
  [depth=199  beam=2250  states= 4702897  len=13  cyclic=13  elapsed=1296s]
  [depth=202  beam=2250  states= 4773502  len=13  cyclic=13  elapsed=1310s]
  [depth=205  beam=2250  states= 4844582  len=13  cyclic=13  elapsed=1325s]
  [depth=208  beam=2250  states= 4916938  len=13  cyclic=13  elapsed=1340s]
  ⚡ RESTART: injected 238 diverse states at depth 210
  [depth=210  beam=1813  states= 4964747  len=13  cyclic=13  elapsed=1350s]
  [depth=213  beam=2250  states= 5032497  len=13  cyclic=13  elapsed=1364s]
  [depth=215  beam=2250  states= 5080648  len=13  cyclic=13  elapsed=1374s]
  [depth=217  beam=2250  states= 5129795  len=13  cyclic=13  elapsed=1385s]
  [depth=220  beam=2250  states= 5203156  len=13  cyclic=13  elapsed=1400s]
  [depth=222  beam=2250  states= 5252209  len=13  cyclic=13  elapsed=1411s]
  [depth=225  beam=2250  states= 5325090  len=13  cyclic=13  elapsed=1426s]
  [depth=227  beam=2250  states= 5374296  len=13  cyclic=13  elapsed=1437s]
  [depth=229  beam=2250  states= 5423023  len=13  cyclic=13  elapsed=1447s]
  [depth=231  beam=2250  states= 5471704  len=13  cyclic=13  elapsed=1457s]
  [depth=233  beam=2250  states= 5520348  len=13  cyclic=13  elapsed=1467s]
  [depth=236  beam=2250  states= 5593413  len=13  cyclic=13  elapsed=1483s]
  [depth=238  beam=2250  states= 5642503  len=13  cyclic=13  elapsed=1494s]
  ⚡ RESTART: injected 283 diverse states at depth 240
  [depth=240  beam=1858  states= 5691418  len=13  cyclic=13  elapsed=1504s]
  [depth=242  beam=2250  states= 5736178  len=13  cyclic=13  elapsed=1514s]
  [depth=244  beam=2250  states= 5784585  len=13  cyclic=13  elapsed=1525s]
  [depth=246  beam=2250  states= 5832905  len=13  cyclic=13  elapsed=1535s]
  [depth=248  beam=2250  states= 5881497  len=13  cyclic=13  elapsed=1546s]
  [depth=250  beam=2250  states= 5929554  len=13  cyclic=13  elapsed=1556s]
  [depth=252  beam=2250  states= 5977391  len=13  cyclic=13  elapsed=1567s]
  [depth=254  beam=2250  states= 6025426  len=13  cyclic=13  elapsed=1578s]
  [depth=256  beam=2250  states= 6073769  len=13  cyclic=13  elapsed=1588s]
  [depth=258  beam=2250  states= 6122472  len=13  cyclic=13  elapsed=1599s]
  [depth=260  beam=2250  states= 6170874  len=13  cyclic=13  elapsed=1609s]
  [depth=262  beam=2250  states= 6218747  len=13  cyclic=13  elapsed=1620s]
  [depth=264  beam=2250  states= 6267220  len=13  cyclic=13  elapsed=1631s]
  [depth=266  beam=2250  states= 6316128  len=13  cyclic=13  elapsed=1642s]
  [depth=268  beam=2250  states= 6364918  len=13  cyclic=13  elapsed=1653s]
  ⚡ RESTART: injected 278 diverse states at depth 270
  [depth=270  beam=1853  states= 6413272  len=13  cyclic=13  elapsed=1663s]
  [depth=272  beam=2250  states= 6457837  len=13  cyclic=13  elapsed=1674s]
  [depth=274  beam=2250  states= 6506947  len=13  cyclic=13  elapsed=1685s]
  [depth=276  beam=2250  states= 6555797  len=13  cyclic=13  elapsed=1696s]
  [depth=278  beam=2250  states= 6604232  len=13  cyclic=13  elapsed=1707s]
  [depth=280  beam=2250  states= 6652505  len=13  cyclic=13  elapsed=1718s]
  [depth=282  beam=2250  states= 6700600  len=13  cyclic=13  elapsed=1729s]
  [depth=284  beam=2250  states= 6749300  len=13  cyclic=13  elapsed=1740s]
  [depth=286  beam=2250  states= 6797001  len=13  cyclic=13  elapsed=1751s]
  [depth=288  beam=2250  states= 6845130  len=13  cyclic=13  elapsed=1762s]
  [depth=290  beam=2250  states= 6893742  len=13  cyclic=13  elapsed=1773s]
  [depth=292  beam=2250  states= 6943320  len=13  cyclic=13  elapsed=1784s]
  [depth=294  beam=2250  states= 6992622  len=13  cyclic=13  elapsed=1796s]
  [depth=296  beam=2250  states= 7041078  len=13  cyclic=13  elapsed=1807s]
  [depth=298  beam=2250  states= 7089934  len=13  cyclic=13  elapsed=1818s]
  ⚡ RESTART: injected 281 diverse states at depth 300
  [depth=300  beam=1856  states= 7138899  len=13  cyclic=13  elapsed=1830s]
  [depth=302  beam=2250  states= 7183623  len=13  cyclic=13  elapsed=1840s]
  [depth=304  beam=2250  states= 7231789  len=13  cyclic=13  elapsed=1852s]
  [depth=306  beam=2250  states= 7280345  len=13  cyclic=13  elapsed=1863s]
  [depth=308  beam=2250  states= 7329026  len=13  cyclic=13  elapsed=1875s]
  [depth=310  beam=2250  states= 7376850  len=13  cyclic=13  elapsed=1887s]
  [depth=312  beam=2250  states= 7424441  len=13  cyclic=13  elapsed=1898s]
  [depth=314  beam=2250  states= 7471740  len=13  cyclic=13  elapsed=1908s]
  [depth=316  beam=2250  states= 7519225  len=13  cyclic=13  elapsed=1919s]
  [depth=318  beam=2250  states= 7567456  len=13  cyclic=13  elapsed=1930s]
  [depth=320  beam=2250  states= 7615491  len=13  cyclic=13  elapsed=1941s]
  [depth=322  beam=2250  states= 7662871  len=13  cyclic=13  elapsed=1952s]
  [depth=324  beam=2250  states= 7710201  len=13  cyclic=13  elapsed=1963s]
  [depth=326  beam=2250  states= 7756751  len=13  cyclic=13  elapsed=1974s]
  [depth=328  beam=2250  states= 7805059  len=13  cyclic=13  elapsed=1986s]
  ⚡ RESTART: injected 263 diverse states at depth 330
  [depth=330  beam=1838  states= 7853843  len=13  cyclic=13  elapsed=1997s]
  [depth=332  beam=2250  states= 7898187  len=13  cyclic=13  elapsed=2008s]
  [depth=334  beam=2250  states= 7946106  len=13  cyclic=13  elapsed=2019s]
  [depth=336  beam=2250  states= 7993260  len=13  cyclic=13  elapsed=2031s]
  [depth=338  beam=2250  states= 8041925  len=13  cyclic=13  elapsed=2043s]
  [depth=340  beam=2250  states= 8090305  len=13  cyclic=13  elapsed=2054s]
  [depth=342  beam=2250  states= 8138298  len=13  cyclic=13  elapsed=2066s]
  [depth=344  beam=2250  states= 8185443  len=13  cyclic=13  elapsed=2077s]
  [depth=346  beam=2250  states= 8233063  len=13  cyclic=13  elapsed=2089s]
  [depth=348  beam=2250  states= 8280558  len=13  cyclic=13  elapsed=2101s]
  [depth=350  beam=2250  states= 8328726  len=13  cyclic=13  elapsed=2113s]
  [depth=352  beam=2250  states= 8376894  len=13  cyclic=13  elapsed=2125s]
  [depth=354  beam=2250  states= 8424748  len=13  cyclic=13  elapsed=2136s]
  [depth=356  beam=2250  states= 8472342  len=13  cyclic=13  elapsed=2149s]
  [depth=358  beam=2250  states= 8520187  len=13  cyclic=13  elapsed=2161s]
  ⚡ RESTART: injected 280 diverse states at depth 360
  [depth=360  beam=1855  states= 8568280  len=13  cyclic=13  elapsed=2172s]
  [depth=362  beam=2250  states= 8612655  len=13  cyclic=13  elapsed=2185s]
  [depth=364  beam=2250  states= 8660874  len=13  cyclic=13  elapsed=2197s]
  [depth=366  beam=2250  states= 8709153  len=13  cyclic=13  elapsed=2209s]
  [depth=368  beam=2250  states= 8757107  len=13  cyclic=13  elapsed=2222s]
  [depth=370  beam=2250  states= 8804962  len=13  cyclic=13  elapsed=2235s]
  [depth=372  beam=2250  states= 8853154  len=13  cyclic=13  elapsed=2247s]
  [depth=374  beam=2250  states= 8900525  len=13  cyclic=13  elapsed=2260s]
  [depth=376  beam=2250  states= 8947555  len=13  cyclic=13  elapsed=2271s]
  [depth=378  beam=2250  states= 8995692  len=13  cyclic=13  elapsed=2283s]
  [depth=380  beam=2250  states= 9045209  len=13  cyclic=13  elapsed=2295s]
  [depth=382  beam=2250  states= 9094803  len=13  cyclic=13  elapsed=2308s]
  [depth=384  beam=2250  states= 9143567  len=13  cyclic=13  elapsed=2320s]
  [depth=386  beam=2250  states= 9191956  len=13  cyclic=13  elapsed=2332s]
  [depth=388  beam=2250  states= 9240763  len=13  cyclic=13  elapsed=2345s]
  ⚡ RESTART: injected 215 diverse states at depth 390
  [depth=390  beam=1790  states= 9289325  len=13  cyclic=13  elapsed=2358s]
  [depth=392  beam=2250  states= 9333258  len=13  cyclic=13  elapsed=2369s]
  [depth=394  beam=2250  states= 9382368  len=13  cyclic=13  elapsed=2381s]
  [depth=396  beam=2250  states= 9431095  len=13  cyclic=13  elapsed=2393s]
  [depth=398  beam=2250  states= 9479760  len=13  cyclic=13  elapsed=2406s]
  [depth=400  beam=2250  states= 9528543  len=13  cyclic=13  elapsed=2418s]
  [depth=402  beam=2250  states= 9577107  len=13  cyclic=13  elapsed=2431s]
  [depth=404  beam=2250  states= 9625533  len=13  cyclic=13  elapsed=2443s]
  [depth=406  beam=2250  states= 9673524  len=13  cyclic=13  elapsed=2455s]
  [depth=408  beam=2250  states= 9722065  len=13  cyclic=13  elapsed=2467s]
  [depth=410  beam=2250  states= 9770790  len=13  cyclic=13  elapsed=2480s]
  [depth=412  beam=2250  states= 9819622  len=13  cyclic=13  elapsed=2493s]
  [depth=414  beam=2250  states= 9868613  len=13  cyclic=13  elapsed=2505s]
  [depth=416  beam=2250  states= 9917034  len=13  cyclic=13  elapsed=2518s]
  [depth=418  beam=2250  states= 9965721  len=13  cyclic=13  elapsed=2529s]

──────────────────────────────────────────────────────────────────────
  RESULTS
──────────────────────────────────────────────────────────────────────
  ✗  NOT FOUND
     Reason: search exhausted

  Statistics:
    states_explored: 10014630
    depth: 420
    best_length: 13
    best_cyclic: 13
    reason: search exhausted
    elapsed: 2542.19

  Full results saved to: results/ak3_v5_19256_NOT_FOUND.json

