AK(3) Attack — Three parallel strategies
PID: 20768
Phase: 1

═════════════════════════════════════════════════════════════════
  STRATEGY 1: AK(3) substitution chain search
═════════════════════════════════════════════════════════════════

  Depth 0: exploring 1 states...

  Depth 1: exploring 52 states...

  Depth 2: exploring 500 states...

  Depth 3: exploring 500 states...

  Depth 4: exploring 500 states...

  Depth 5: exploring 500 states...

  Depth 6: exploring 500 states...

  Depth 7: exploring 500 states...

  Depth 8: exploring 500 states...

  Depth 9: exploring 500 states...

  Depth 10: exploring 500 states...

  Depth 11: exploring 500 states...

  Depth 12: exploring 500 states...

  Depth 13: exploring 500 states...

  Depth 14: exploring 500 states...

  Depth 15: exploring 500 states...

  Depth 16: exploring 500 states...

  Depth 17: exploring 500 states...

  Depth 18: exploring 500 states...

  Depth 19: exploring 500 states...
  Finished: 317631 states explored, best_len=13

All phases complete.
